This is pdfTeX, Version 3.141592653-2.6-1.40.24 (TeX Live 2022) (preloaded format=pdflatex 2022.8.18)  17 OCT 2022 18:25
entering extended mode
 restricted \write18 enabled.
 %&-line parsing enabled.
**PPC_UserGuide.tex
(./PPC_UserGuide.tex
LaTeX2e <2022-06-01> patch level 5
L3 programming layer <2022-08-05>
(c:/Users/Philip.Jonathan/AppData/Local/Programs/texlive/2022/texmf-dist/tex/la
tex/base/article.cls
Document Class: article 2021/10/04 v1.4n Standard LaTeX document class

(c:/Users/Philip.Jonathan/AppData/Local/Programs/texlive/2022/texmf-dist/tex/la
tex/base/size10.clo
File: size10.clo 2021/10/04 v1.4n Standard LaTeX file (size option)
)
\c@part=\count185
\c@section=\count186
\c@subsection=\count187
\c@subsubsection=\count188
\c@paragraph=\count189
\c@subparagraph=\count190
\c@figure=\count191
\c@table=\count192
\abovecaptionskip=\skip47
\belowcaptionskip=\skip48
\bibindent=\dimen138
)
(c:/Users/Philip.Jonathan/AppData/Local/Programs/texlive/2022/texmf-dist/tex/la
tex/amsmath/amsmath.sty
Package: amsmath 2022/04/08 v2.17n AMS math features
\@mathmargin=\skip49

For additional information on amsmath, use the `?' option.

(c:/Users/Philip.Jonathan/AppData/Local/Programs/texlive/2022/texmf-dist/tex/la
tex/amsmath/amstext.sty
Package: amstext 2021/08/26 v2.01 AMS text

(c:/Users/Philip.Jonathan/AppData/Local/Programs/texlive/2022/texmf-dist/tex/la
tex/amsmath/amsgen.sty
File: amsgen.sty 1999/11/30 v2.0 generic functions
\@emptytoks=\toks16
\ex@=\dimen139
))
(c:/Users/Philip.Jonathan/AppData/Local/Programs/texlive/2022/texmf-dist/tex/la
tex/amsmath/amsbsy.sty
Package: amsbsy 1999/11/29 v1.2d Bold Symbols
\pmbraise@=\dimen140
)
(c:/Users/Philip.Jonathan/AppData/Local/Programs/texlive/2022/texmf-dist/tex/la
tex/amsmath/amsopn.sty
Package: amsopn 2022/04/08 v2.04 operator names
)
\inf@bad=\count193
LaTeX Info: Redefining \frac on input line 234.
\uproot@=\count194
\leftroot@=\count195
LaTeX Info: Redefining \overline on input line 399.
LaTeX Info: Redefining \colon on input line 410.
\classnum@=\count196
\DOTSCASE@=\count197
LaTeX Info: Redefining \ldots on input line 496.
LaTeX Info: Redefining \dots on input line 499.
LaTeX Info: Redefining \cdots on input line 620.
\Mathstrutbox@=\box51
\strutbox@=\box52
LaTeX Info: Redefining \big on input line 722.
LaTeX Info: Redefining \Big on input line 723.
LaTeX Info: Redefining \bigg on input line 724.
LaTeX Info: Redefining \Bigg on input line 725.
\big@size=\dimen141
LaTeX Font Info:    Redeclaring font encoding OML on input line 743.
LaTeX Font Info:    Redeclaring font encoding OMS on input line 744.
\macc@depth=\count198
LaTeX Info: Redefining \bmod on input line 905.
LaTeX Info: Redefining \pmod on input line 910.
LaTeX Info: Redefining \smash on input line 940.
LaTeX Info: Redefining \relbar on input line 970.
LaTeX Info: Redefining \Relbar on input line 971.
\c@MaxMatrixCols=\count199
\dotsspace@=\muskip16
\c@parentequation=\count266
\dspbrk@lvl=\count267
\tag@help=\toks17
\row@=\count268
\column@=\count269
\maxfields@=\count270
\andhelp@=\toks18
\eqnshift@=\dimen142
\alignsep@=\dimen143
\tagshift@=\dimen144
\tagwidth@=\dimen145
\totwidth@=\dimen146
\lineht@=\dimen147
\@envbody=\toks19
\multlinegap=\skip50
\multlinetaggap=\skip51
\mathdisplay@stack=\toks20
LaTeX Info: Redefining \[ on input line 2953.
LaTeX Info: Redefining \] on input line 2954.
)
(c:/Users/Philip.Jonathan/AppData/Local/Programs/texlive/2022/texmf-dist/tex/la
tex/amsfonts/amssymb.sty
Package: amssymb 2013/01/14 v3.01 AMS font symbols

(c:/Users/Philip.Jonathan/AppData/Local/Programs/texlive/2022/texmf-dist/tex/la
tex/amsfonts/amsfonts.sty
Package: amsfonts 2013/01/14 v3.01 Basic AMSFonts support
\symAMSa=\mathgroup4
\symAMSb=\mathgroup5
LaTeX Font Info:    Redeclaring math symbol \hbar on input line 98.
LaTeX Font Info:    Overwriting math alphabet `\mathfrak' in version `bold'
(Font)                  U/euf/m/n --> U/euf/b/n on input line 106.
))
(c:/Users/Philip.Jonathan/AppData/Local/Programs/texlive/2022/texmf-dist/tex/la
tex/natbib/natbib.sty
Package: natbib 2010/09/13 8.31b (PWD, AO)
\bibhang=\skip52
\bibsep=\skip53
LaTeX Info: Redefining \cite on input line 694.
\c@NAT@ctr=\count271
)
(c:/Users/Philip.Jonathan/AppData/Local/Programs/texlive/2022/texmf-dist/tex/la
tex/was/upgreek.sty
Package: upgreek 2003/02/12 v2.0 (WaS)
Package upgreek Info: Using Euler Roman for upright Greek on input line 31.
\symugrf@m=\mathgroup6
LaTeX Font Info:    Overwriting symbol font `ugrf@m' in version `bold'
(Font)                  U/eur/m/n --> U/eur/b/n on input line 38.
)
(c:/Users/Philip.Jonathan/AppData/Local/Programs/texlive/2022/texmf-dist/tex/la
tex/mathtools/mathtools.sty
Package: mathtools 2022/06/29 v1.29 mathematical typesetting tools

(c:/Users/Philip.Jonathan/AppData/Local/Programs/texlive/2022/texmf-dist/tex/la
tex/graphics/keyval.sty
Package: keyval 2022/05/29 v1.15 key=value parser (DPC)
\KV@toks@=\toks21
)
(c:/Users/Philip.Jonathan/AppData/Local/Programs/texlive/2022/texmf-dist/tex/la
tex/tools/calc.sty
Package: calc 2017/05/25 v4.3 Infix arithmetic (KKT,FJ)
\calc@Acount=\count272
\calc@Bcount=\count273
\calc@Adimen=\dimen148
\calc@Bdimen=\dimen149
\calc@Askip=\skip54
\calc@Bskip=\skip55
LaTeX Info: Redefining \setlength on input line 80.
LaTeX Info: Redefining \addtolength on input line 81.
\calc@Ccount=\count274
\calc@Cskip=\skip56
)
(c:/Users/Philip.Jonathan/AppData/Local/Programs/texlive/2022/texmf-dist/tex/la
tex/mathtools/mhsetup.sty
Package: mhsetup 2021/03/18 v1.4 programming setup (MH)
)
\g_MT_multlinerow_int=\count275
\l_MT_multwidth_dim=\dimen150
\origjot=\skip57
\l_MT_shortvdotswithinadjustabove_dim=\dimen151
\l_MT_shortvdotswithinadjustbelow_dim=\dimen152
\l_MT_above_intertext_sep=\dimen153
\l_MT_below_intertext_sep=\dimen154
\l_MT_above_shortintertext_sep=\dimen155
\l_MT_below_shortintertext_sep=\dimen156
\xmathstrut@box=\box53
\xmathstrut@dim=\dimen157
)
(c:/Users/Philip.Jonathan/AppData/Local/Programs/texlive/2022/texmf-dist/tex/la
tex/graphics/rotating.sty
Package: rotating 2016/08/11 v2.16d rotated objects in LaTeX

(c:/Users/Philip.Jonathan/AppData/Local/Programs/texlive/2022/texmf-dist/tex/la
tex/graphics/graphicx.sty
Package: graphicx 2021/09/16 v1.2d Enhanced LaTeX Graphics (DPC,SPQR)

(c:/Users/Philip.Jonathan/AppData/Local/Programs/texlive/2022/texmf-dist/tex/la
tex/graphics/graphics.sty
Package: graphics 2022/03/10 v1.4e Standard LaTeX Graphics (DPC,SPQR)

(c:/Users/Philip.Jonathan/AppData/Local/Programs/texlive/2022/texmf-dist/tex/la
tex/graphics/trig.sty
Package: trig 2021/08/11 v1.11 sin cos tan (DPC)
)
(c:/Users/Philip.Jonathan/AppData/Local/Programs/texlive/2022/texmf-dist/tex/la
tex/graphics-cfg/graphics.cfg
File: graphics.cfg 2016/06/04 v1.11 sample graphics configuration
)
Package graphics Info: Driver file: pdftex.def on input line 107.

(c:/Users/Philip.Jonathan/AppData/Local/Programs/texlive/2022/texmf-dist/tex/la
tex/graphics-def/pdftex.def
File: pdftex.def 2020/10/05 v1.2a Graphics/color driver for pdftex
))
\Gin@req@height=\dimen158
\Gin@req@width=\dimen159
)
(c:/Users/Philip.Jonathan/AppData/Local/Programs/texlive/2022/texmf-dist/tex/la
tex/base/ifthen.sty
Package: ifthen 2022/04/13 v1.1d Standard LaTeX ifthen package (DPC)
)
\c@r@tfl@t=\count276
\rotFPtop=\skip58
\rotFPbot=\skip59
\rot@float@box=\box54
\rot@mess@toks=\toks22
)
(c:/Users/Philip.Jonathan/AppData/Local/Programs/texlive/2022/texmf-dist/tex/la
tex/caption/caption.sty
Package: caption 2022/03/01 v3.6b Customizing captions (AR)

(c:/Users/Philip.Jonathan/AppData/Local/Programs/texlive/2022/texmf-dist/tex/la
tex/caption/caption3.sty
Package: caption3 2022/03/17 v2.3b caption3 kernel (AR)
\caption@tempdima=\dimen160
\captionmargin=\dimen161
\caption@leftmargin=\dimen162
\caption@rightmargin=\dimen163
\caption@width=\dimen164
\caption@indent=\dimen165
\caption@parindent=\dimen166
\caption@hangindent=\dimen167
Package caption Info: Standard document class detected.
)
\c@caption@flags=\count277
\c@continuedfloat=\count278
Package caption Info: rotating package is loaded.
)
(c:/Users/Philip.Jonathan/AppData/Local/Programs/texlive/2022/texmf-dist/tex/la
tex/caption/subcaption.sty
Package: subcaption 2022/01/07 v1.5 Sub-captions (AR)
\c@subfigure=\count279
\c@subtable=\count280
)
(c:/Users/Philip.Jonathan/AppData/Local/Programs/texlive/2022/texmf-dist/tex/la
tex/cprotect/cprotect.sty
Package: cprotect 2011/01/27 v1.0e (Bruno Le Floch)

(c:/Users/Philip.Jonathan/AppData/Local/Programs/texlive/2022/texmf-dist/tex/la
tex/bigfoot/suffix.sty
Package: suffix 2006/07/15 1.5a Variant command support
)
\CPT@WriteOut=\write3
\c@CPT@WriteCount=\count281
\c@CPT@numB=\count282
\CPT@commandatend@toks=\toks23
)
(c:/Users/Philip.Jonathan/AppData/Local/Programs/texlive/2022/texmf-dist/tex/la
tex/graphics/color.sty
Package: color 2022/01/06 v1.3d Standard LaTeX Color (DPC)

(c:/Users/Philip.Jonathan/AppData/Local/Programs/texlive/2022/texmf-dist/tex/la
tex/graphics-cfg/color.cfg
File: color.cfg 2016/01/02 v1.6 sample color configuration
)
Package color Info: Driver file: pdftex.def on input line 149.

(c:/Users/Philip.Jonathan/AppData/Local/Programs/texlive/2022/texmf-dist/tex/la
tex/graphics/mathcolor.ltx))
(c:/Users/Philip.Jonathan/AppData/Local/Programs/texlive/2022/texmf-dist/tex/la
tex/preprint/fullpage.sty
Package: fullpage 1999/02/23 1.1 (PWD)
\FP@margin=\skip60
)
(c:/Users/Philip.Jonathan/AppData/Local/Programs/texlive/2022/texmf-dist/tex/la
tex/titlesec/titlesec.sty
Package: titlesec 2021/07/05 v2.14 Sectioning titles
\ttl@box=\box55
\beforetitleunit=\skip61
\aftertitleunit=\skip62
\ttl@plus=\dimen168
\ttl@minus=\dimen169
\ttl@toksa=\toks24
\titlewidth=\dimen170
\titlewidthlast=\dimen171
\titlewidthfirst=\dimen172
)
(c:/Users/Philip.Jonathan/AppData/Local/Programs/texlive/2022/texmf-dist/tex/la
tex/hyperref/hyperref.sty
Package: hyperref 2022-06-20 v7.00s Hypertext links for LaTeX

(c:/Users/Philip.Jonathan/AppData/Local/Programs/texlive/2022/texmf-dist/tex/ge
neric/ltxcmds/ltxcmds.sty
Package: ltxcmds 2020-05-10 v1.25 LaTeX kernel commands for general use (HO)
)
(c:/Users/Philip.Jonathan/AppData/Local/Programs/texlive/2022/texmf-dist/tex/ge
neric/iftex/iftex.sty
Package: iftex 2022/02/03 v1.0f TeX engine tests
)
(c:/Users/Philip.Jonathan/AppData/Local/Programs/texlive/2022/texmf-dist/tex/ge
neric/pdftexcmds/pdftexcmds.sty
Package: pdftexcmds 2020-06-27 v0.33 Utility functions of pdfTeX for LuaTeX (HO
)

(c:/Users/Philip.Jonathan/AppData/Local/Programs/texlive/2022/texmf-dist/tex/ge
neric/infwarerr/infwarerr.sty
Package: infwarerr 2019/12/03 v1.5 Providing info/warning/error messages (HO)
)
Package pdftexcmds Info: \pdf@primitive is available.
Package pdftexcmds Info: \pdf@ifprimitive is available.
Package pdftexcmds Info: \pdfdraftmode found.
)
(c:/Users/Philip.Jonathan/AppData/Local/Programs/texlive/2022/texmf-dist/tex/ge
neric/kvsetkeys/kvsetkeys.sty
Package: kvsetkeys 2019/12/15 v1.18 Key value parser (HO)
)
(c:/Users/Philip.Jonathan/AppData/Local/Programs/texlive/2022/texmf-dist/tex/ge
neric/kvdefinekeys/kvdefinekeys.sty
Package: kvdefinekeys 2019-12-19 v1.6 Define keys (HO)
)
(c:/Users/Philip.Jonathan/AppData/Local/Programs/texlive/2022/texmf-dist/tex/ge
neric/pdfescape/pdfescape.sty
Package: pdfescape 2019/12/09 v1.15 Implements pdfTeX's escape features (HO)
)
(c:/Users/Philip.Jonathan/AppData/Local/Programs/texlive/2022/texmf-dist/tex/la
tex/hycolor/hycolor.sty
Package: hycolor 2020-01-27 v1.10 Color options for hyperref/bookmark (HO)
)
(c:/Users/Philip.Jonathan/AppData/Local/Programs/texlive/2022/texmf-dist/tex/la
tex/letltxmacro/letltxmacro.sty
Package: letltxmacro 2019/12/03 v1.6 Let assignment for LaTeX macros (HO)
)
(c:/Users/Philip.Jonathan/AppData/Local/Programs/texlive/2022/texmf-dist/tex/la
tex/auxhook/auxhook.sty
Package: auxhook 2019-12-17 v1.6 Hooks for auxiliary files (HO)
)
(c:/Users/Philip.Jonathan/AppData/Local/Programs/texlive/2022/texmf-dist/tex/la
tex/hyperref/nameref.sty
Package: nameref 2022-05-17 v2.50 Cross-referencing by name of section

(c:/Users/Philip.Jonathan/AppData/Local/Programs/texlive/2022/texmf-dist/tex/la
tex/refcount/refcount.sty
Package: refcount 2019/12/15 v3.6 Data extraction from label references (HO)
)
(c:/Users/Philip.Jonathan/AppData/Local/Programs/texlive/2022/texmf-dist/tex/ge
neric/gettitlestring/gettitlestring.sty
Package: gettitlestring 2019/12/15 v1.6 Cleanup title references (HO)

(c:/Users/Philip.Jonathan/AppData/Local/Programs/texlive/2022/texmf-dist/tex/la
tex/kvoptions/kvoptions.sty
Package: kvoptions 2022-06-15 v3.15 Key value format for package options (HO)
))
\c@section@level=\count283
)
\@linkdim=\dimen173
\Hy@linkcounter=\count284
\Hy@pagecounter=\count285

(c:/Users/Philip.Jonathan/AppData/Local/Programs/texlive/2022/texmf-dist/tex/la
tex/hyperref/pd1enc.def
File: pd1enc.def 2022-06-20 v7.00s Hyperref: PDFDocEncoding definition (HO)
Now handling font encoding PD1 ...
... no UTF-8 mapping file for font encoding PD1
)
(c:/Users/Philip.Jonathan/AppData/Local/Programs/texlive/2022/texmf-dist/tex/ge
neric/intcalc/intcalc.sty
Package: intcalc 2019/12/15 v1.3 Expandable calculations with integers (HO)
)
(c:/Users/Philip.Jonathan/AppData/Local/Programs/texlive/2022/texmf-dist/tex/ge
neric/etexcmds/etexcmds.sty
Package: etexcmds 2019/12/15 v1.7 Avoid name clashes with e-TeX commands (HO)
)
\Hy@SavedSpaceFactor=\count286

(c:/Users/Philip.Jonathan/AppData/Local/Programs/texlive/2022/texmf-dist/tex/la
tex/hyperref/puenc.def
File: puenc.def 2022-06-20 v7.00s Hyperref: PDF Unicode definition (HO)
Now handling font encoding PU ...
... no UTF-8 mapping file for font encoding PU
)
Package hyperref Info: Hyper figures OFF on input line 4162.
Package hyperref Info: Link nesting OFF on input line 4167.
Package hyperref Info: Hyper index ON on input line 4170.
Package hyperref Info: Plain pages OFF on input line 4177.
Package hyperref Info: Backreferencing OFF on input line 4182.
Package hyperref Info: Implicit mode ON; LaTeX internals redefined.
Package hyperref Info: Bookmarks ON on input line 4408.
\c@Hy@tempcnt=\count287

(c:/Users/Philip.Jonathan/AppData/Local/Programs/texlive/2022/texmf-dist/tex/la
tex/url/url.sty
\Urlmuskip=\muskip17
Package: url 2013/09/16  ver 3.4  Verb mode for urls, etc.
)
LaTeX Info: Redefining \url on input line 4746.
\XeTeXLinkMargin=\dimen174

(c:/Users/Philip.Jonathan/AppData/Local/Programs/texlive/2022/texmf-dist/tex/ge
neric/bitset/bitset.sty
Package: bitset 2019/12/09 v1.3 Handle bit-vector datatype (HO)

(c:/Users/Philip.Jonathan/AppData/Local/Programs/texlive/2022/texmf-dist/tex/ge
neric/bigintcalc/bigintcalc.sty
Package: bigintcalc 2019/12/15 v1.5 Expandable calculations on big integers (HO
)
))
\Fld@menulength=\count288
\Field@Width=\dimen175
\Fld@charsize=\dimen176
Package hyperref Info: Hyper figures OFF on input line 6024.
Package hyperref Info: Link nesting OFF on input line 6029.
Package hyperref Info: Hyper index ON on input line 6032.
Package hyperref Info: backreferencing OFF on input line 6039.
Package hyperref Info: Link coloring OFF on input line 6044.
Package hyperref Info: Link coloring with OCG OFF on input line 6049.
Package hyperref Info: PDF/A mode OFF on input line 6054.

(c:/Users/Philip.Jonathan/AppData/Local/Programs/texlive/2022/texmf-dist/tex/la
tex/base/atbegshi-ltx.sty
Package: atbegshi-ltx 2021/01/10 v1.0c Emulation of the original atbegshi
package with kernel methods
)
\Hy@abspage=\count289
\c@Item=\count290
\c@Hfootnote=\count291
)
Package hyperref Info: Driver (autodetected): hpdftex.

(c:/Users/Philip.Jonathan/AppData/Local/Programs/texlive/2022/texmf-dist/tex/la
tex/hyperref/hpdftex.def
File: hpdftex.def 2022-06-20 v7.00s Hyperref driver for pdfTeX

(c:/Users/Philip.Jonathan/AppData/Local/Programs/texlive/2022/texmf-dist/tex/la
tex/base/atveryend-ltx.sty
Package: atveryend-ltx 2020/08/19 v1.0a Emulation of the original atveryend pac
kage
with kernel methods
)
\Fld@listcount=\count292
\c@bookmark@seq@number=\count293

(c:/Users/Philip.Jonathan/AppData/Local/Programs/texlive/2022/texmf-dist/tex/la
tex/rerunfilecheck/rerunfilecheck.sty
Package: rerunfilecheck 2022-07-10 v1.10 Rerun checks for auxiliary files (HO)

(c:/Users/Philip.Jonathan/AppData/Local/Programs/texlive/2022/texmf-dist/tex/ge
neric/uniquecounter/uniquecounter.sty
Package: uniquecounter 2019/12/15 v1.4 Provide unlimited unique counter (HO)
)
Package uniquecounter Info: New unique counter `rerunfilecheck' on input line 2
85.
)
\Hy@SectionHShift=\skip63
)
(c:/Users/Philip.Jonathan/AppData/Local/Programs/texlive/2022/texmf-dist/tex/la
tex/bbm-macros/bbm.sty
Package: bbm 1999/03/15 V 1.2 provides fonts for set symbols - TH
LaTeX Font Info:    Overwriting math alphabet `\mathbbm' in version `bold'
(Font)                  U/bbm/m/n --> U/bbm/bx/n on input line 33.
LaTeX Font Info:    Overwriting math alphabet `\mathbbmss' in version `bold'
(Font)                  U/bbmss/m/n --> U/bbmss/bx/n on input line 35.
)
(c:/Users/Philip.Jonathan/AppData/Local/Programs/texlive/2022/texmf-dist/tex/la
tex/xcolor/xcolor.sty
Package: xcolor 2022/06/12 v2.14 LaTeX color extensions (UK)

(c:/Users/Philip.Jonathan/AppData/Local/Programs/texlive/2022/texmf-dist/tex/la
tex/graphics-cfg/color.cfg
File: color.cfg 2016/01/02 v1.6 sample color configuration
)
Package xcolor Info: Driver file: pdftex.def on input line 227.
LaTeX Info: Redefining \color on input line 711.

(c:/Users/Philip.Jonathan/AppData/Local/Programs/texlive/2022/texmf-dist/tex/la
tex/graphics/mathcolor.ltx)
Package xcolor Info: Model `cmy' substituted by `cmy0' on input line 1353.
Package xcolor Info: Model `hsb' substituted by `rgb' on input line 1357.
Package xcolor Info: Model `RGB' extended on input line 1369.
Package xcolor Info: Model `HTML' substituted by `rgb' on input line 1371.
Package xcolor Info: Model `Hsb' substituted by `hsb' on input line 1372.
Package xcolor Info: Model `tHsb' substituted by `hsb' on input line 1373.
Package xcolor Info: Model `HSB' substituted by `hsb' on input line 1374.
Package xcolor Info: Model `Gray' substituted by `gray' on input line 1375.
Package xcolor Info: Model `wave' substituted by `hsb' on input line 1376.

(c:/Users/Philip.Jonathan/AppData/Local/Programs/texlive/2022/texmf-dist/tex/la
tex/graphics/dvipsnam.def
File: dvipsnam.def 2016/06/17 v3.0m Driver-dependent file (DPC,SPQR)
)) (./Phil_Preamble.tex)
(c:/Users/Philip.Jonathan/AppData/Local/Programs/texlive/2022/texmf-dist/tex/la
tex/l3backend/l3backend-pdftex.def
File: l3backend-pdftex.def 2022-08-05 L3 backend support: PDF output (pdfTeX)
\l__color_backend_stack_int=\count294
\l__pdf_internal_box=\box56
) (./PPC_UserGuide.aux)
\openout1 = `PPC_UserGuide.aux'.

LaTeX Font Info:    Checking defaults for OML/cmm/m/it on input line 20.
LaTeX Font Info:    ... okay on input line 20.
LaTeX Font Info:    Checking defaults for OMS/cmsy/m/n on input line 20.
LaTeX Font Info:    ... okay on input line 20.
LaTeX Font Info:    Checking defaults for OT1/cmr/m/n on input line 20.
LaTeX Font Info:    ... okay on input line 20.
LaTeX Font Info:    Checking defaults for T1/cmr/m/n on input line 20.
LaTeX Font Info:    ... okay on input line 20.
LaTeX Font Info:    Checking defaults for TS1/cmr/m/n on input line 20.
LaTeX Font Info:    ... okay on input line 20.
LaTeX Font Info:    Checking defaults for OMX/cmex/m/n on input line 20.
LaTeX Font Info:    ... okay on input line 20.
LaTeX Font Info:    Checking defaults for U/cmr/m/n on input line 20.
LaTeX Font Info:    ... okay on input line 20.
LaTeX Font Info:    Checking defaults for PD1/pdf/m/n on input line 20.
LaTeX Font Info:    ... okay on input line 20.
LaTeX Font Info:    Checking defaults for PU/pdf/m/n on input line 20.
LaTeX Font Info:    ... okay on input line 20.

(c:/Users/Philip.Jonathan/AppData/Local/Programs/texlive/2022/texmf-dist/tex/co
ntext/base/mkii/supp-pdf.mkii
[Loading MPS to PDF converter (version 2006.09.02).]
\scratchcounter=\count295
\scratchdimen=\dimen177
\scratchbox=\box57
\nofMPsegments=\count296
\nofMParguments=\count297
\everyMPshowfont=\toks25
\MPscratchCnt=\count298
\MPscratchDim=\dimen178
\MPnumerator=\count299
\makeMPintoPDFobject=\count300
\everyMPtoPDFconversion=\toks26
)
(c:/Users/Philip.Jonathan/AppData/Local/Programs/texlive/2022/texmf-dist/tex/la
tex/epstopdf-pkg/epstopdf-base.sty
Package: epstopdf-base 2020-01-24 v2.11 Base part for package epstopdf

(c:/Users/Philip.Jonathan/AppData/Local/Programs/texlive/2022/texmf-dist/tex/la
tex/grfext/grfext.sty
Package: grfext 2019/12/03 v1.3 Manage graphics extensions (HO)
)
Package epstopdf-base Info: Redefining graphics rule for `.eps' on input line 4
85.
Package grfext Info: Graphics extension search list:
(grfext)             [.pdf,.png,.jpg,.mps,.jpeg,.jbig2,.jb2,.PDF,.PNG,.JPG,.JPE
G,.JBIG2,.JB2,.eps]
(grfext)             \AppendGraphicsExtensions on input line 504.

(c:/Users/Philip.Jonathan/AppData/Local/Programs/texlive/2022/texmf-dist/tex/la
tex/latexconfig/epstopdf-sys.cfg
File: epstopdf-sys.cfg 2010/07/13 v1.3 Configuration of (r)epstopdf for TeX Liv
e
))
Package caption Info: Begin \AtBeginDocument code.
Package caption Info: hyperref package is loaded.
Package caption Info: End \AtBeginDocument code.
Package hyperref Info: Link coloring OFF on input line 20.
 (./PPC_UserGuide.out) (./PPC_UserGuide.out)
\@outlinefile=\write4
\openout4 = `PPC_UserGuide.out'.

LaTeX Font Info:    Trying to load font information for U+msa on input line 29.


(c:/Users/Philip.Jonathan/AppData/Local/Programs/texlive/2022/texmf-dist/tex/la
tex/amsfonts/umsa.fd
File: umsa.fd 2013/01/14 v3.01 AMS symbols A
)
LaTeX Font Info:    Trying to load font information for U+msb on input line 29.


(c:/Users/Philip.Jonathan/AppData/Local/Programs/texlive/2022/texmf-dist/tex/la
tex/amsfonts/umsb.fd
File: umsb.fd 2013/01/14 v3.01 AMS symbols B
)
Underfull \hbox (badness 10000) in paragraph at lines 32--35

 []


Underfull \hbox (badness 10000) in paragraph at lines 32--35

 []


Underfull \hbox (badness 10000) in paragraph at lines 32--35

 []


Underfull \hbox (badness 10000) in paragraph at lines 32--35

 []


Underfull \hbox (badness 10000) in paragraph at lines 32--35

 []

[1

{c:/Users/Philip.Jonathan/AppData/Local/Programs/texlive/2022/texmf-var/fonts/m
ap/pdftex/updmap/pdftex.map}] (./PPC_UserGuide.toc)
\tf@toc=\write5
\openout5 = `PPC_UserGuide.toc'.

 [2

] [3

] [4]
(./Stage1_Guide.tex

Package hyperref Warning: Token not allowed in a PDF string (Unicode):
(hyperref)                removing `math shift' on input line 18.


Package hyperref Warning: Token not allowed in a PDF string (Unicode):
(hyperref)                removing `math shift' on input line 18.


Overfull \hbox (6.75389pt too wide) in paragraph at lines 32--33
[][][]\OT1/cmtt/m/n/10 NEP []\OT1/cmr/m/n/10 [scalar] non-exceedance prob-a-bil
-ity (on [0,1)) used to de-fine the thresh-old for storm-identification. 
 []

<Figures/StormPeakDiagram.jpg, id=189, 714.41907pt x 424.58624pt>
File: Figures/StormPeakDiagram.jpg Graphic file (type jpg)
<use Figures/StormPeakDiagram.jpg>
Package pdftex.def Info: Figures/StormPeakDiagram.jpg  used on input line 39.
(pdftex.def)             Requested size: 362.37569pt x 215.36348pt.
[5

]
<PPCGuideExamples/TpHs/Figures/Stg1_Data_Margins.pdf, id=198, 578.16pt x 385.44
pt>
File: PPCGuideExamples/TpHs/Figures/Stg1_Data_Margins.pdf Graphic file (type pd
f)
<use PPCGuideExamples/TpHs/Figures/Stg1_Data_Margins.pdf>
Package pdftex.def Info: PPCGuideExamples/TpHs/Figures/Stg1_Data_Margins.pdf  u
sed on input line 48.
(pdftex.def)             Requested size: 407.66833pt x 271.7764pt.
<PPCGuideExamples/TpHs/Figures/Stg1_Data_Joint.pdf, id=199, 578.16pt x 385.44pt
>
File: PPCGuideExamples/TpHs/Figures/Stg1_Data_Joint.pdf Graphic file (type pdf)

<use PPCGuideExamples/TpHs/Figures/Stg1_Data_Joint.pdf>
Package pdftex.def Info: PPCGuideExamples/TpHs/Figures/Stg1_Data_Joint.pdf  use
d on input line 55.
(pdftex.def)             Requested size: 407.66833pt x 271.7764pt.


Package hyperref Warning: Token not allowed in a PDF string (Unicode):
(hyperref)                removing `math shift' on input line 60.


Package hyperref Warning: Token not allowed in a PDF string (Unicode):
(hyperref)                removing `math shift' on input line 60.

<PPCGuideExamples/MvnRho09/Figures/Stg1_Data_Simulated_Margins.pdf, id=200, 578
.16pt x 385.44pt>
File: PPCGuideExamples/MvnRho09/Figures/Stg1_Data_Simulated_Margins.pdf Graphic
 file (type pdf)
<use PPCGuideExamples/MvnRho09/Figures/Stg1_Data_Simulated_Margins.pdf>
Package pdftex.def Info: PPCGuideExamples/MvnRho09/Figures/Stg1_Data_Simulated_
Margins.pdf  used on input line 73.
(pdftex.def)             Requested size: 452.9679pt x 301.97705pt.
[6 <./Figures/StormPeakDiagram.JPG>] [7 <./PPCGuideExamples/TpHs/Figures/Stg1_D
ata_Margins.pdf> <./PPCGuideExamples/TpHs/Figures/Stg1_Data_Joint.pdf>]

LaTeX Warning: Reference `"../PPC_Analysis/TpHs/Figures/Stg1_Data_Margins"' on 
page 8 undefined on input line 95.

) [8 <./PPCGuideExamples/MvnRho09/Figures/Stg1_Data_Simulated_Margins.pdf>]
(./Stage2_Guide.tex [9

]
<./PPCGuideExamples/Tp_Hs_ByDrc/Figures/Stg2_Data_BinEdges.pdf, id=242, 939.51p
t x 626.34pt>
File: ./PPCGuideExamples/Tp_Hs_ByDrc/Figures/Stg2_Data_BinEdges.pdf Graphic fil
e (type pdf)
<use ./PPCGuideExamples/Tp_Hs_ByDrc/Figures/Stg2_Data_BinEdges.pdf>
Package pdftex.def Info: ./PPCGuideExamples/Tp_Hs_ByDrc/Figures/Stg2_Data_BinEd
ges.pdf  used on input line 39.
(pdftex.def)             Requested size: 407.66833pt x 271.77713pt.
<./PPCGuideExamples/Tp_Hs_ByDrc/Figures/Stg2_Data_BinScatterPlot_Y2_Y1.pdf, id=
243, 939.51pt x 626.34pt>
File: ./PPCGuideExamples/Tp_Hs_ByDrc/Figures/Stg2_Data_BinScatterPlot_Y2_Y1.pdf
 Graphic file (type pdf)
<use ./PPCGuideExamples/Tp_Hs_ByDrc/Figures/Stg2_Data_BinScatterPlot_Y2_Y1.pdf>

Package pdftex.def Info: ./PPCGuideExamples/Tp_Hs_ByDrc/Figures/Stg2_Data_BinSc
atterPlot_Y2_Y1.pdf  used on input line 46.
(pdftex.def)             Requested size: 407.66833pt x 271.77713pt.
) [10 <./PPCGuideExamples/Tp_Hs_ByDrc/Figures/Stg2_Data_BinEdges.pdf>] [11 <./P
PCGuideExamples/Tp_Hs_ByDrc/Figures/Stg2_Data_BinScatterPlot_Y2_Y1.pdf>] (./Sta
ge3_Guide.tex [12

] [13]
Overfull \hbox (6.79999pt too wide) in paragraph at lines 84--90
[]
 []

<./PPCGuideExamples/Tp_Hs_ByDrc/Figures/Stg3_Hs_1_DataTransform.pdf, id=373, 93
9.51pt x 626.34pt>
File: ./PPCGuideExamples/Tp_Hs_ByDrc/Figures/Stg3_Hs_1_DataTransform.pdf Graphi
c file (type pdf)
<use ./PPCGuideExamples/Tp_Hs_ByDrc/Figures/Stg3_Hs_1_DataTransform.pdf>
Package pdftex.def Info: ./PPCGuideExamples/Tp_Hs_ByDrc/Figures/Stg3_Hs_1_DataT
ransform.pdf  used on input line 93.
(pdftex.def)             Requested size: 452.9679pt x 301.97778pt.

LaTeX Warning: `h' float specifier changed to `ht'.

<./PPCGuideExamples/Tp_Hs_ByDrc/Figures/Stg3_Hs_3_ParametersShape.pdf, id=376, 
939.51pt x 626.34pt>
File: ./PPCGuideExamples/Tp_Hs_ByDrc/Figures/Stg3_Hs_3_ParametersShape.pdf Grap
hic file (type pdf)
<use ./PPCGuideExamples/Tp_Hs_ByDrc/Figures/Stg3_Hs_3_ParametersShape.pdf>
Package pdftex.def Info: ./PPCGuideExamples/Tp_Hs_ByDrc/Figures/Stg3_Hs_3_Param
etersShape.pdf  used on input line 102.
(pdftex.def)             Requested size: 407.66833pt x 271.77713pt.
File: ./PPCGuideExamples/Tp_Hs_ByDrc/Figures/Stg3_Hs_3_ParametersShape.pdf Grap
hic file (type pdf)
<use ./PPCGuideExamples/Tp_Hs_ByDrc/Figures/Stg3_Hs_3_ParametersShape.pdf>
Package pdftex.def Info: ./PPCGuideExamples/Tp_Hs_ByDrc/Figures/Stg3_Hs_3_Param
etersShape.pdf  used on input line 109.
(pdftex.def)             Requested size: 407.66833pt x 271.77713pt.

Overfull \hbox (6.79999pt too wide) in paragraph at lines 117--123
[]
 []

<./PPCGuideExamples/Tp_Hs_ByDrc/Figures/Stg3_Hs_4_CV.pdf, id=379, 939.51pt x 62
6.34pt>
File: ./PPCGuideExamples/Tp_Hs_ByDrc/Figures/Stg3_Hs_4_CV.pdf Graphic file (typ
e pdf)
<use ./PPCGuideExamples/Tp_Hs_ByDrc/Figures/Stg3_Hs_4_CV.pdf>
Package pdftex.def Info: ./PPCGuideExamples/Tp_Hs_ByDrc/Figures/Stg3_Hs_4_CV.pd
f  used on input line 127.
(pdftex.def)             Requested size: 407.66833pt x 271.77713pt.

Overfull \hbox (6.79999pt too wide) in paragraph at lines 133--139
[]
 []

<./PPCGuideExamples/Tp_Hs_ByDrc/Figures/Stg3_Hs_5_SectorGoodnessOfFit.pdf, id=3
82, 939.51pt x 626.34pt>
File: ./PPCGuideExamples/Tp_Hs_ByDrc/Figures/Stg3_Hs_5_SectorGoodnessOfFit.pdf 
Graphic file (type pdf)
<use ./PPCGuideExamples/Tp_Hs_ByDrc/Figures/Stg3_Hs_5_SectorGoodnessOfFit.pdf>
Package pdftex.def Info: ./PPCGuideExamples/Tp_Hs_ByDrc/Figures/Stg3_Hs_5_Secto
rGoodnessOfFit.pdf  used on input line 144.
(pdftex.def)             Requested size: 407.66833pt x 271.77713pt.
<./PPCGuideExamples/Tp_Hs_ByDrc/Figures/Stg3_Hs_6_OverallGoodnessOfFit.pdf, id=
383, 939.51pt x 626.34pt>
File: ./PPCGuideExamples/Tp_Hs_ByDrc/Figures/Stg3_Hs_6_OverallGoodnessOfFit.pdf
 Graphic file (type pdf)
<use ./PPCGuideExamples/Tp_Hs_ByDrc/Figures/Stg3_Hs_6_OverallGoodnessOfFit.pdf>

Package pdftex.def Info: ./PPCGuideExamples/Tp_Hs_ByDrc/Figures/Stg3_Hs_6_Overa
llGoodnessOfFit.pdf  used on input line 151.
(pdftex.def)             Requested size: 407.66833pt x 271.77713pt.

Overfull \hbox (6.79999pt too wide) in paragraph at lines 157--163
[]
 []

<./PPCGuideExamples/Tp_Hs_ByDrc/Figures/Stg3_Hs_7_ThresholdStability.pdf, id=38
5, 939.51pt x 626.34pt>
File: ./PPCGuideExamples/Tp_Hs_ByDrc/Figures/Stg3_Hs_7_ThresholdStability.pdf G
raphic file (type pdf)
<use ./PPCGuideExamples/Tp_Hs_ByDrc/Figures/Stg3_Hs_7_ThresholdStability.pdf>
Package pdftex.def Info: ./PPCGuideExamples/Tp_Hs_ByDrc/Figures/Stg3_Hs_7_Thres
holdStability.pdf  used on input line 169.
(pdftex.def)             Requested size: 203.83417pt x 135.88379pt.
<./PPCGuideExamples/Tp_Hs_ByDrc/Figures/Stg3_Tp_7_ThresholdStability.pdf, id=38
6, 939.51pt x 626.34pt>
File: ./PPCGuideExamples/Tp_Hs_ByDrc/Figures/Stg3_Tp_7_ThresholdStability.pdf G
raphic file (type pdf)
<use ./PPCGuideExamples/Tp_Hs_ByDrc/Figures/Stg3_Tp_7_ThresholdStability.pdf>
Package pdftex.def Info: ./PPCGuideExamples/Tp_Hs_ByDrc/Figures/Stg3_Tp_7_Thres
holdStability.pdf  used on input line 172.
(pdftex.def)             Requested size: 203.83417pt x 135.88379pt.
[14]
<./PPCGuideExamples/Tp_Hs_ByDrc/Figures/Stg3_Hs_8_ReturnValueCDF.pdf, id=398, 9
39.51pt x 626.34pt>
File: ./PPCGuideExamples/Tp_Hs_ByDrc/Figures/Stg3_Hs_8_ReturnValueCDF.pdf Graph
ic file (type pdf)
<use ./PPCGuideExamples/Tp_Hs_ByDrc/Figures/Stg3_Hs_8_ReturnValueCDF.pdf>
Package pdftex.def Info: ./PPCGuideExamples/Tp_Hs_ByDrc/Figures/Stg3_Hs_8_Retur
nValueCDF.pdf  used on input line 182.
(pdftex.def)             Requested size: 407.66833pt x 271.77713pt.
 [15 <./PPCGuideExamples/Tp_Hs_ByDrc/Figures/Stg3_Hs_1_DataTransform.pdf>]
[16 <./PPCGuideExamples/Tp_Hs_ByDrc/Figures/Stg3_Hs_3_ParametersShape.pdf>]
[17 <./PPCGuideExamples/Tp_Hs_ByDrc/Figures/Stg3_Hs_4_CV.pdf> <./PPCGuideExampl
es/Tp_Hs_ByDrc/Figures/Stg3_Hs_5_SectorGoodnessOfFit.pdf>] [18 <./PPCGuideExamp
les/Tp_Hs_ByDrc/Figures/Stg3_Hs_6_OverallGoodnessOfFit.pdf> <./PPCGuideExamples
/Tp_Hs_ByDrc/Figures/Stg3_Hs_7_ThresholdStability.pdf> <./PPCGuideExamples/Tp_H
s_ByDrc/Figures/Stg3_Tp_7_ThresholdStability.pdf>]) [19 <./PPCGuideExamples/Tp_
Hs_ByDrc/Figures/Stg3_Hs_8_ReturnValueCDF.pdf>] (./Stage4_Guide.tex
<Figures/HTDiagram.pdf, id=652, 722.7pt x 361.35pt>
File: Figures/HTDiagram.pdf Graphic file (type pdf)
<use Figures/HTDiagram.pdf>
Package pdftex.def Info: Figures/HTDiagram.pdf  used on input line 17.
(pdftex.def)             Requested size: 452.9679pt x 226.48279pt.

Overfull \hbox (2.44357pt too wide) in paragraph at lines 22--23
[]\OT1/cmr/m/n/10 Model-fitting there-fore cor-re-sponds to es-ti-mat-ing $\OMS
/cmsy/m/n/10 f[]\OML/cmm/m/it/10 ; []; []; []\OMS/cmsy/m/n/10 g$ \OT1/cmr/m/n/1
0 given a sam-ple of val-ues for $\OMS/cmsy/m/n/10 f\OML/cmm/m/it/10 Y[]; Y[]; 
[]  Y[]\OMS/cmsy/m/n/10 g$\OT1/cmr/m/n/10 .
 []


Underfull \hbox (badness 10000) in paragraph at lines 26--27

 []


Underfull \hbox (badness 10000) in paragraph at lines 28--31

 []

[20

 <./Figures/HTDiagram.pdf>]
Overfull \hbox (4.5043pt too wide) in paragraph at lines 42--43
[]\OT1/cmr/m/n/10 Note that sam-pling resid-u-als lo-cally (set-ting [][]\OT1/c
mtt/m/n/10 SampleLocalResid []\OT1/cmr/m/n/10 = true) ef-fec-tively gives a non
-stationarity
 []

[21]
Overfull \hbox (6.79999pt too wide) in paragraph at lines 83--89
[]
 []

<./PPCGuideExamples/Tp_Hs_ByDrc/Figures/Stg4_HT_1_SmlvsData.pdf, id=699, 939.51
pt x 626.34pt>
File: ./PPCGuideExamples/Tp_Hs_ByDrc/Figures/Stg4_HT_1_SmlvsData.pdf Graphic fi
le (type pdf)
<use ./PPCGuideExamples/Tp_Hs_ByDrc/Figures/Stg4_HT_1_SmlvsData.pdf>
Package pdftex.def Info: ./PPCGuideExamples/Tp_Hs_ByDrc/Figures/Stg4_HT_1_Smlvs
Data.pdf  used on input line 92.
(pdftex.def)             Requested size: 407.66833pt x 271.77713pt.

Overfull \hbox (6.79999pt too wide) in paragraph at lines 101--107
[]
 []

<./PPCGuideExamples/Tp_Hs_ByDrc/Figures/Stg4_HT_2_ResidualDiagnostics2.pdf, id=
701, 939.51pt x 626.34pt>
File: ./PPCGuideExamples/Tp_Hs_ByDrc/Figures/Stg4_HT_2_ResidualDiagnostics2.pdf
 Graphic file (type pdf)
<use ./PPCGuideExamples/Tp_Hs_ByDrc/Figures/Stg4_HT_2_ResidualDiagnostics2.pdf>

Package pdftex.def Info: ./PPCGuideExamples/Tp_Hs_ByDrc/Figures/Stg4_HT_2_Resid
ualDiagnostics2.pdf  used on input line 110.
(pdftex.def)             Requested size: 407.66833pt x 271.77713pt.
<./PPCGuideExamples/Tp_Hs_ByDrc/Figures/Stg4_HT_2_ResidualDiagnostics1.pdf, id=
703, 939.51pt x 626.34pt>
File: ./PPCGuideExamples/Tp_Hs_ByDrc/Figures/Stg4_HT_2_ResidualDiagnostics1.pdf
 Graphic file (type pdf)
<use ./PPCGuideExamples/Tp_Hs_ByDrc/Figures/Stg4_HT_2_ResidualDiagnostics1.pdf>

Package pdftex.def Info: ./PPCGuideExamples/Tp_Hs_ByDrc/Figures/Stg4_HT_2_Resid
ualDiagnostics1.pdf  used on input line 119.
(pdftex.def)             Requested size: 407.66833pt x 271.77713pt.
<./PPCGuideExamples/Tp_Hs_ByDrc/Figures/Stg4_HT_3_Parameters_Tp.pdf, id=707, 93
9.51pt x 626.34pt>
File: ./PPCGuideExamples/Tp_Hs_ByDrc/Figures/Stg4_HT_3_Parameters_Tp.pdf Graphi
c file (type pdf)
<use ./PPCGuideExamples/Tp_Hs_ByDrc/Figures/Stg4_HT_3_Parameters_Tp.pdf>
Package pdftex.def Info: ./PPCGuideExamples/Tp_Hs_ByDrc/Figures/Stg4_HT_3_Param
eters_Tp.pdf  used on input line 130.
(pdftex.def)             Requested size: 407.66833pt x 271.77713pt.
[22] [23 <./PPCGuideExamples/Tp_Hs_ByDrc/Figures/Stg4_HT_1_SmlvsData.pdf> <./PP
CGuideExamples/Tp_Hs_ByDrc/Figures/Stg4_HT_2_ResidualDiagnostics2.pdf>]
<./PPCGuideExamples/Tp_Hs_ByDrc/Figures/Stg4_HT_3_Parameters_Tp_Stationary.pdf,
 id=777, 939.51pt x 626.34pt>
File: ./PPCGuideExamples/Tp_Hs_ByDrc/Figures/Stg4_HT_3_Parameters_Tp_Stationary
.pdf Graphic file (type pdf)
<use ./PPCGuideExamples/Tp_Hs_ByDrc/Figures/Stg4_HT_3_Parameters_Tp_Stationary.
pdf>
Package pdftex.def Info: ./PPCGuideExamples/Tp_Hs_ByDrc/Figures/Stg4_HT_3_Param
eters_Tp_Stationary.pdf  used on input line 137.
(pdftex.def)             Requested size: 407.66833pt x 271.77713pt.

Overfull \hbox (6.79999pt too wide) in paragraph at lines 143--149
[]
 []

<./PPCGuideExamples/Tp_Hs_ByDrc/Figures/Stg4_HT_4_AlphaThresholdStability_Tp.pd
f, id=782, 939.51pt x 626.34pt>
File: ./PPCGuideExamples/Tp_Hs_ByDrc/Figures/Stg4_HT_4_AlphaThresholdStability_
Tp.pdf Graphic file (type pdf)
<use ./PPCGuideExamples/Tp_Hs_ByDrc/Figures/Stg4_HT_4_AlphaThresholdStability_T
p.pdf>
Package pdftex.def Info: ./PPCGuideExamples/Tp_Hs_ByDrc/Figures/Stg4_HT_4_Alpha
ThresholdStability_Tp.pdf  used on input line 152.
(pdftex.def)             Requested size: 407.66833pt x 271.77713pt.
<./PPCGuideExamples/Tp_Hs_ByDrc/Figures/Stg4_HT_4_BetaThresholdStability.pdf, i
d=783, 939.51pt x 626.34pt>
File: ./PPCGuideExamples/Tp_Hs_ByDrc/Figures/Stg4_HT_4_BetaThresholdStability.p
df Graphic file (type pdf)
<use ./PPCGuideExamples/Tp_Hs_ByDrc/Figures/Stg4_HT_4_BetaThresholdStability.pd
f>
Package pdftex.def Info: ./PPCGuideExamples/Tp_Hs_ByDrc/Figures/Stg4_HT_4_BetaT
hresholdStability.pdf  used on input line 159.
(pdftex.def)             Requested size: 407.66833pt x 271.77713pt.
<./PPCGuideExamples/Tp_Hs_ByDrc/Figures/Stg4_HT_6_ConditionalReturnValueCDF.pdf
, id=786, 939.51pt x 626.34pt>
File: ./PPCGuideExamples/Tp_Hs_ByDrc/Figures/Stg4_HT_6_ConditionalReturnValueCD
F.pdf Graphic file (type pdf)
<use ./PPCGuideExamples/Tp_Hs_ByDrc/Figures/Stg4_HT_6_ConditionalReturnValueCDF
.pdf>
Package pdftex.def Info: ./PPCGuideExamples/Tp_Hs_ByDrc/Figures/Stg4_HT_6_Condi
tionalReturnValueCDF.pdf  used on input line 169.
(pdftex.def)             Requested size: 407.66833pt x 271.77713pt.
[24 <./PPCGuideExamples/Tp_Hs_ByDrc/Figures/Stg4_HT_2_ResidualDiagnostics1.pdf>
] [25 <./PPCGuideExamples/Tp_Hs_ByDrc/Figures/Stg4_HT_3_Parameters_Tp.pdf> <./P
PCGuideExamples/Tp_Hs_ByDrc/Figures/Stg4_HT_3_Parameters_Tp_Stationary.pdf>]
[26 <./PPCGuideExamples/Tp_Hs_ByDrc/Figures/Stg4_HT_4_AlphaThresholdStability_T
p.pdf> <./PPCGuideExamples/Tp_Hs_ByDrc/Figures/Stg4_HT_4_BetaThresholdStability
.pdf>]) [27 <./PPCGuideExamples/Tp_Hs_ByDrc/Figures/Stg4_HT_6_ConditionalReturn
ValueCDF.pdf>] (./Stage5_Guide.tex
Underfull \hbox (badness 10000) in paragraph at lines 28--30

 []

[28

]
<./PPCGuideExamples/Tp_Hs_ByDrc/Figures/Stg5_Contour_1_Omni.pdf, id=986, 939.51
pt x 626.34pt>
File: ./PPCGuideExamples/Tp_Hs_ByDrc/Figures/Stg5_Contour_1_Omni.pdf Graphic fi
le (type pdf)
<use ./PPCGuideExamples/Tp_Hs_ByDrc/Figures/Stg5_Contour_1_Omni.pdf>
Package pdftex.def Info: ./PPCGuideExamples/Tp_Hs_ByDrc/Figures/Stg5_Contour_1_
Omni.pdf  used on input line 61.
(pdftex.def)             Requested size: 452.9679pt x 301.97778pt.
<./PPCGuideExamples/Tp_Hs_ByDrc/Figures/Stg5_Contour_2_Binned_Tp.pdf, id=987, 9
39.51pt x 626.34pt>
File: ./PPCGuideExamples/Tp_Hs_ByDrc/Figures/Stg5_Contour_2_Binned_Tp.pdf Graph
ic file (type pdf)
<use ./PPCGuideExamples/Tp_Hs_ByDrc/Figures/Stg5_Contour_2_Binned_Tp.pdf>
Package pdftex.def Info: ./PPCGuideExamples/Tp_Hs_ByDrc/Figures/Stg5_Contour_2_
Binned_Tp.pdf  used on input line 68.
(pdftex.def)             Requested size: 452.9679pt x 301.97778pt.
<Figures/ExcDiagram.jpg, id=988, 1957.3125pt x 1304.875pt>
File: Figures/ExcDiagram.jpg Graphic file (type jpg)
<use Figures/ExcDiagram.jpg>
Package pdftex.def Info: Figures/ExcDiagram.jpg  used on input line 78.
(pdftex.def)             Requested size: 452.9679pt x 301.96664pt.


LaTeX Warning: `h' float specifier changed to `ht'.

<Figures/EmpDnsDiagram.jpg, id=989, 988.69376pt x 1101.11375pt>
File: Figures/EmpDnsDiagram.jpg Graphic file (type jpg)
<use Figures/EmpDnsDiagram.jpg>
Package pdftex.def Info: Figures/EmpDnsDiagram.jpg  used on input line 93.
(pdftex.def)             Requested size: 317.07614pt x 353.11967pt.

LaTeX Warning: `h' float specifier changed to `ht'.

[29 <./PPCGuideExamples/Tp_Hs_ByDrc/Figures/Stg5_Contour_1_Omni.pdf>] [30 <./PP
CGuideExamples/Tp_Hs_ByDrc/Figures/Stg5_Contour_2_Binned_Tp.pdf>]) [31 <./Figur
es/ExcDiagram.jpg>] [32 <./Figures/EmpDnsDiagram.jpg>] (./HigherDExample.tex
<./PPCGuideExamples/HsWs_Otm_ByDrcSsn/Figures/Stg1_Data_Margins.pdf, id=1117, 9
39.51pt x 626.34pt>
File: ./PPCGuideExamples/HsWs_Otm_ByDrcSsn/Figures/Stg1_Data_Margins.pdf Graphi
c file (type pdf)
<use ./PPCGuideExamples/HsWs_Otm_ByDrcSsn/Figures/Stg1_Data_Margins.pdf>
Package pdftex.def Info: ./PPCGuideExamples/HsWs_Otm_ByDrcSsn/Figures/Stg1_Data
_Margins.pdf  used on input line 7.
(pdftex.def)             Requested size: 452.9679pt x 301.97778pt.
<./PPCGuideExamples/HsWs_Otm_ByDrcSsn/Figures/Stg2_Data_BinEdges.pdf, id=1118, 
939.51pt x 626.34pt>
File: ./PPCGuideExamples/HsWs_Otm_ByDrcSsn/Figures/Stg2_Data_BinEdges.pdf Graph
ic file (type pdf)
<use ./PPCGuideExamples/HsWs_Otm_ByDrcSsn/Figures/Stg2_Data_BinEdges.pdf>
Package pdftex.def Info: ./PPCGuideExamples/HsWs_Otm_ByDrcSsn/Figures/Stg2_Data
_BinEdges.pdf  used on input line 14.
(pdftex.def)             Requested size: 452.9679pt x 301.97778pt.
<./PPCGuideExamples/HsWs_Otm_ByDrcSsn/Figures/Stg2_Data_BinScatterPlot_Y2_Y1.pd
f, id=1119, 939.51pt x 626.34pt>
File: ./PPCGuideExamples/HsWs_Otm_ByDrcSsn/Figures/Stg2_Data_BinScatterPlot_Y2_
Y1.pdf Graphic file (type pdf)
<use ./PPCGuideExamples/HsWs_Otm_ByDrcSsn/Figures/Stg2_Data_BinScatterPlot_Y2_Y
1.pdf>
Package pdftex.def Info: ./PPCGuideExamples/HsWs_Otm_ByDrcSsn/Figures/Stg2_Data
_BinScatterPlot_Y2_Y1.pdf  used on input line 20.
(pdftex.def)             Requested size: 452.9679pt x 301.97778pt.
<./PPCGuideExamples/HsWs_Otm_ByDrcSsn/Figures/Stg3_Hs_1_DataTransform.pdf, id=1
120, 939.51pt x 626.34pt>
File: ./PPCGuideExamples/HsWs_Otm_ByDrcSsn/Figures/Stg3_Hs_1_DataTransform.pdf 
Graphic file (type pdf)
<use ./PPCGuideExamples/HsWs_Otm_ByDrcSsn/Figures/Stg3_Hs_1_DataTransform.pdf>
Package pdftex.def Info: ./PPCGuideExamples/HsWs_Otm_ByDrcSsn/Figures/Stg3_Hs_1
_DataTransform.pdf  used on input line 28.
(pdftex.def)             Requested size: 452.9679pt x 301.97778pt.
<./PPCGuideExamples/HsWs_Otm_ByDrcSsn/Figures/Stg3_Hs_2_Parameters.pdf, id=1121
, 939.51pt x 626.34pt>
File: ./PPCGuideExamples/HsWs_Otm_ByDrcSsn/Figures/Stg3_Hs_2_Parameters.pdf Gra
phic file (type pdf)
<use ./PPCGuideExamples/HsWs_Otm_ByDrcSsn/Figures/Stg3_Hs_2_Parameters.pdf>
Package pdftex.def Info: ./PPCGuideExamples/HsWs_Otm_ByDrcSsn/Figures/Stg3_Hs_2
_Parameters.pdf  used on input line 34.
(pdftex.def)             Requested size: 407.66833pt x 271.77713pt.
<./PPCGuideExamples/HsWs_Otm_ByDrcSsn/Figures/Stg3_Hs_5_SectorGoodnessOfFit.pdf
, id=1122, 939.51pt x 626.34pt>
File: ./PPCGuideExamples/HsWs_Otm_ByDrcSsn/Figures/Stg3_Hs_5_SectorGoodnessOfFi
t.pdf Graphic file (type pdf)
<use ./PPCGuideExamples/HsWs_Otm_ByDrcSsn/Figures/Stg3_Hs_5_SectorGoodnessOfFit
.pdf>
Package pdftex.def Info: ./PPCGuideExamples/HsWs_Otm_ByDrcSsn/Figures/Stg3_Hs_5
_SectorGoodnessOfFit.pdf  used on input line 40.
(pdftex.def)             Requested size: 407.66833pt x 271.77713pt.
<./PPCGuideExamples/HsWs_Otm_ByDrcSsn/Figures/Stg4_HT_1_SmlvsData.pdf, id=1123,
 939.51pt x 626.34pt>
File: ./PPCGuideExamples/HsWs_Otm_ByDrcSsn/Figures/Stg4_HT_1_SmlvsData.pdf Grap
hic file (type pdf)
<use ./PPCGuideExamples/HsWs_Otm_ByDrcSsn/Figures/Stg4_HT_1_SmlvsData.pdf>
Package pdftex.def Info: ./PPCGuideExamples/HsWs_Otm_ByDrcSsn/Figures/Stg4_HT_1
_SmlvsData.pdf  used on input line 49.
(pdftex.def)             Requested size: 407.66833pt x 271.77713pt.
<./PPCGuideExamples/HsWs_Otm_ByDrcSsn/Figures/Stg4_HT_2_ResidualDiagnostics1.pd
f, id=1124, 939.51pt x 626.34pt>
File: ./PPCGuideExamples/HsWs_Otm_ByDrcSsn/Figures/Stg4_HT_2_ResidualDiagnostic
s1.pdf Graphic file (type pdf)
<use ./PPCGuideExamples/HsWs_Otm_ByDrcSsn/Figures/Stg4_HT_2_ResidualDiagnostics
1.pdf>
Package pdftex.def Info: ./PPCGuideExamples/HsWs_Otm_ByDrcSsn/Figures/Stg4_HT_2
_ResidualDiagnostics1.pdf  used on input line 56.
(pdftex.def)             Requested size: 407.66833pt x 271.77713pt.
<./PPCGuideExamples/HsWs_Otm_ByDrcSsn/Figures/Stg4_HT_2_ResidualDiagnostics2.pd
f, id=1125, 939.51pt x 626.34pt>
File: ./PPCGuideExamples/HsWs_Otm_ByDrcSsn/Figures/Stg4_HT_2_ResidualDiagnostic
s2.pdf Graphic file (type pdf)
<use ./PPCGuideExamples/HsWs_Otm_ByDrcSsn/Figures/Stg4_HT_2_ResidualDiagnostics
2.pdf>
Package pdftex.def Info: ./PPCGuideExamples/HsWs_Otm_ByDrcSsn/Figures/Stg4_HT_2
_ResidualDiagnostics2.pdf  used on input line 63.
(pdftex.def)             Requested size: 407.66833pt x 271.77713pt.
<./PPCGuideExamples/HsWs_Otm_ByDrcSsn/Figures/Stg4_HT_3_Parameters_WS.pdf, id=1
126, 939.51pt x 626.34pt>
File: ./PPCGuideExamples/HsWs_Otm_ByDrcSsn/Figures/Stg4_HT_3_Parameters_WS.pdf 
Graphic file (type pdf)
<use ./PPCGuideExamples/HsWs_Otm_ByDrcSsn/Figures/Stg4_HT_3_Parameters_WS.pdf>
Package pdftex.def Info: ./PPCGuideExamples/HsWs_Otm_ByDrcSsn/Figures/Stg4_HT_3
_Parameters_WS.pdf  used on input line 70.
(pdftex.def)             Requested size: 407.66833pt x 271.77713pt.
<./PPCGuideExamples/HsWs_Otm_ByDrcSsn/Figures/Stg4_HT_4_AlphaThresholdStability
_WS.pdf, id=1127, 939.51pt x 626.34pt>
File: ./PPCGuideExamples/HsWs_Otm_ByDrcSsn/Figures/Stg4_HT_4_AlphaThresholdStab
ility_WS.pdf Graphic file (type pdf)
<use ./PPCGuideExamples/HsWs_Otm_ByDrcSsn/Figures/Stg4_HT_4_AlphaThresholdStabi
lity_WS.pdf>
Package pdftex.def Info: ./PPCGuideExamples/HsWs_Otm_ByDrcSsn/Figures/Stg4_HT_4
_AlphaThresholdStability_WS.pdf  used on input line 77.
(pdftex.def)             Requested size: 407.66833pt x 271.77713pt.
<./PPCGuideExamples/HsWs_Otm_ByDrcSsn/Figures/Stg4_HT_5_SectorGoodnessOfFit.pdf
, id=1128, 939.51pt x 626.34pt>
File: ./PPCGuideExamples/HsWs_Otm_ByDrcSsn/Figures/Stg4_HT_5_SectorGoodnessOfFi
t.pdf Graphic file (type pdf)
<use ./PPCGuideExamples/HsWs_Otm_ByDrcSsn/Figures/Stg4_HT_5_SectorGoodnessOfFit
.pdf>
Package pdftex.def Info: ./PPCGuideExamples/HsWs_Otm_ByDrcSsn/Figures/Stg4_HT_5
_SectorGoodnessOfFit.pdf  used on input line 84.
(pdftex.def)             Requested size: 407.66833pt x 271.77713pt.
<./PPCGuideExamples/HsWs_Otm_ByDrcSsn/Figures/Stg4_HT_6_ConditionalReturnValueC
DF.pdf, id=1129, 939.51pt x 626.34pt>
File: ./PPCGuideExamples/HsWs_Otm_ByDrcSsn/Figures/Stg4_HT_6_ConditionalReturnV
alueCDF.pdf Graphic file (type pdf)
<use ./PPCGuideExamples/HsWs_Otm_ByDrcSsn/Figures/Stg4_HT_6_ConditionalReturnVa
lueCDF.pdf>
Package pdftex.def Info: ./PPCGuideExamples/HsWs_Otm_ByDrcSsn/Figures/Stg4_HT_6
_ConditionalReturnValueCDF.pdf  used on input line 91.
(pdftex.def)             Requested size: 407.66833pt x 271.77713pt.
<./PPCGuideExamples/HsWs_Otm_ByDrcSsn/Figures/Stg5_Contour_2_Binnned_WS.pdf, id
=1130, 939.51pt x 626.34pt>
File: ./PPCGuideExamples/HsWs_Otm_ByDrcSsn/Figures/Stg5_Contour_2_Binnned_WS.pd
f Graphic file (type pdf)
<use ./PPCGuideExamples/HsWs_Otm_ByDrcSsn/Figures/Stg5_Contour_2_Binnned_WS.pdf
>
Package pdftex.def Info: ./PPCGuideExamples/HsWs_Otm_ByDrcSsn/Figures/Stg5_Cont
our_2_Binnned_WS.pdf  used on input line 98.
(pdftex.def)             Requested size: 407.66833pt x 271.77713pt.

[33

 <./PPCGuideExamples/HsWs_Otm_ByDrcSsn/Figures/Stg1_Data_Margins.pdf>]
[34 <./PPCGuideExamples/HsWs_Otm_ByDrcSsn/Figures/Stg2_Data_BinEdges.pdf>]
[35 <./PPCGuideExamples/HsWs_Otm_ByDrcSsn/Figures/Stg2_Data_BinScatterPlot_Y2_Y
1.pdf>] [36 <./PPCGuideExamples/HsWs_Otm_ByDrcSsn/Figures/Stg3_Hs_1_DataTransfo
rm.pdf>]) (./Appendix.tex [37 <./PPCGuideExamples/HsWs_Otm_ByDrcSsn/Figures/Stg
3_Hs_2_Parameters.pdf>] [38 <./PPCGuideExamples/HsWs_Otm_ByDrcSsn/Figures/Stg3_
Hs_5_SectorGoodnessOfFit.pdf>] [39 <./PPCGuideExamples/HsWs_Otm_ByDrcSsn/Figure
s/Stg4_HT_1_SmlvsData.pdf>] [40 <./PPCGuideExamples/HsWs_Otm_ByDrcSsn/Figures/S
tg4_HT_2_ResidualDiagnostics1.pdf>] [41 <./PPCGuideExamples/HsWs_Otm_ByDrcSsn/F
igures/Stg4_HT_2_ResidualDiagnostics2.pdf>] [42 <./PPCGuideExamples/HsWs_Otm_By
DrcSsn/Figures/Stg4_HT_3_Parameters_WS.pdf>] [43 <./PPCGuideExamples/HsWs_Otm_B
yDrcSsn/Figures/Stg4_HT_4_AlphaThresholdStability_WS.pdf>] [44 <./PPCGuideExamp
les/HsWs_Otm_ByDrcSsn/Figures/Stg4_HT_5_SectorGoodnessOfFit.pdf> <./PPCGuideExa
mples/HsWs_Otm_ByDrcSsn/Figures/Stg4_HT_6_ConditionalReturnValueCDF.pdf>]
[45 <./PPCGuideExamples/HsWs_Otm_ByDrcSsn/Figures/Stg5_Contour_2_Binnned_WS.pdf
>] [46

] [47]) (./PPC_UserGuide.bbl [48]) [49

] (./PPC_UserGuide.aux)

LaTeX Warning: There were undefined references.

Package rerunfilecheck Info: File `PPC_UserGuide.out' has not changed.
(rerunfilecheck)             Checksum: E735B85A42DBC5C54F65715D26EC4726;3888.
 ) 
Here is how much of TeX's memory you used:
 13883 strings out of 477678
 249967 string characters out of 5811012
 539396 words of memory out of 5000000
 32264 multiletter control sequences out of 15000+600000
 486315 words of font info for 90 fonts, out of 8000000 for 9000
 1141 hyphenation exceptions out of 8191
 72i,17n,77p,1082b,591s stack positions out of 10000i,1000n,20000p,200000b,200000s
{c:/Users/Philip.Jonathan/AppData/Local/Programs/texlive/2022/texmf-dist/font
s/enc/dvips/cm-super/cm-super-ts1.enc}<c:/Users/Philip.Jonathan/AppData/Local/P
rograms/texlive/2022/texmf-dist/fonts/type1/public/amsfonts/cm/cmbx10.pfb><c:/U
sers/Philip.Jonathan/AppData/Local/Programs/texlive/2022/texmf-dist/fonts/type1
/public/amsfonts/cm/cmbx12.pfb><c:/Users/Philip.Jonathan/AppData/Local/Programs
/texlive/2022/texmf-dist/fonts/type1/public/amsfonts/cm/cmbx9.pfb><c:/Users/Phi
lip.Jonathan/AppData/Local/Programs/texlive/2022/texmf-dist/fonts/type1/public/
amsfonts/cm/cmcsc10.pfb><c:/Users/Philip.Jonathan/AppData/Local/Programs/texliv
e/2022/texmf-dist/fonts/type1/public/amsfonts/cm/cmex10.pfb><c:/Users/Philip.Jo
nathan/AppData/Local/Programs/texlive/2022/texmf-dist/fonts/type1/public/amsfon
ts/cm/cmmi10.pfb><c:/Users/Philip.Jonathan/AppData/Local/Programs/texlive/2022/
texmf-dist/fonts/type1/public/amsfonts/cm/cmmi5.pfb><c:/Users/Philip.Jonathan/A
ppData/Local/Programs/texlive/2022/texmf-dist/fonts/type1/public/amsfonts/cm/cm
mi7.pfb><c:/Users/Philip.Jonathan/AppData/Local/Programs/texlive/2022/texmf-dis
t/fonts/type1/public/amsfonts/cm/cmmib10.pfb><c:/Users/Philip.Jonathan/AppData/
Local/Programs/texlive/2022/texmf-dist/fonts/type1/public/amsfonts/cmextra/cmmi
b7.pfb><c:/Users/Philip.Jonathan/AppData/Local/Programs/texlive/2022/texmf-dist
/fonts/type1/public/amsfonts/cm/cmr10.pfb><c:/Users/Philip.Jonathan/AppData/Loc
al/Programs/texlive/2022/texmf-dist/fonts/type1/public/amsfonts/cm/cmr12.pfb><c
:/Users/Philip.Jonathan/AppData/Local/Programs/texlive/2022/texmf-dist/fonts/ty
pe1/public/amsfonts/cm/cmr5.pfb><c:/Users/Philip.Jonathan/AppData/Local/Program
s/texlive/2022/texmf-dist/fonts/type1/public/amsfonts/cm/cmr7.pfb><c:/Users/Phi
lip.Jonathan/AppData/Local/Programs/texlive/2022/texmf-dist/fonts/type1/public/
amsfonts/cm/cmr8.pfb><c:/Users/Philip.Jonathan/AppData/Local/Programs/texlive/2
022/texmf-dist/fonts/type1/public/amsfonts/cm/cmr9.pfb><c:/Users/Philip.Jonatha
n/AppData/Local/Programs/texlive/2022/texmf-dist/fonts/type1/public/amsfonts/cm
/cmsy10.pfb><c:/Users/Philip.Jonathan/AppData/Local/Programs/texlive/2022/texmf
-dist/fonts/type1/public/amsfonts/cm/cmsy7.pfb><c:/Users/Philip.Jonathan/AppDat
a/Local/Programs/texlive/2022/texmf-dist/fonts/type1/public/amsfonts/cm/cmti10.
pfb><c:/Users/Philip.Jonathan/AppData/Local/Programs/texlive/2022/texmf-dist/fo
nts/type1/public/amsfonts/cm/cmti9.pfb><c:/Users/Philip.Jonathan/AppData/Local/
Programs/texlive/2022/texmf-dist/fonts/type1/public/amsfonts/cm/cmtt10.pfb><c:/
Users/Philip.Jonathan/AppData/Local/Programs/texlive/2022/texmf-dist/fonts/type
1/public/amsfonts/cm/cmtt8.pfb><c:/Users/Philip.Jonathan/AppData/Local/Programs
/texlive/2022/texmf-dist/fonts/type1/public/amsfonts/symbols/msam10.pfb><c:/Use
rs/Philip.Jonathan/AppData/Local/Programs/texlive/2022/texmf-dist/fonts/type1/p
ublic/cm-super/sfrm0600.pfb><c:/Users/Philip.Jonathan/AppData/Local/Programs/te
xlive/2022/texmf-dist/fonts/type1/public/cm-super/sfrm0800.pfb><c:/Users/Philip
.Jonathan/AppData/Local/Programs/texlive/2022/texmf-dist/fonts/type1/public/cm-
super/sfrm0900.pfb><c:/Users/Philip.Jonathan/AppData/Local/Programs/texlive/202
2/texmf-dist/fonts/type1/public/cm-super/sfrm1000.pfb>
Output written on PPC_UserGuide.pdf (49 pages, 9314205 bytes).
PDF statistics:
 2097 PDF objects out of 2487 (max. 8388607)
 1894 compressed objects within 19 object streams
 141 named destinations out of 1000 (max. 500000)
 390 words of extra memory for PDF output out of 10000 (max. 10000000)

