\BOOKMARK [1][-]{section.0}{\376\377\000I\000n\000t\000r\000o\000d\000u\000c\000t\000i\000o\000n}{}% 1
\BOOKMARK [1][-]{section.1}{\376\377\000S\000t\000a\000g\000e\000\040\0001\000:\000\040\000D\000a\000t\000a\000\040\000p\000r\000e\000p\000a\000r\000a\000t\000i\000o\000n}{}% 2
\BOOKMARK [2][-]{subsection.1.1}{\376\377\000S\000t\000a\000g\000e\0001\000\137\000P\000e\000a\000k\000P\000i\000c\000k\000i\000n\000g}{section.1}% 3
\BOOKMARK [2][-]{subsection.1.2}{\376\377\000S\000t\000a\000g\000e\0001\000\137\000S\000i\000m\000u\000l\000a\000t\000e\000D\000a\000t\000a}{section.1}% 4
\BOOKMARK [1][-]{section.2}{\376\377\000S\000t\000a\000g\000e\000\040\0002\000:\000\040\000C\000h\000o\000o\000s\000e\000\040\000c\000o\000v\000a\000r\000i\000a\000t\000e\000\040\000b\000i\000n\000s}{}% 5
\BOOKMARK [2][-]{subsection.2.1}{\376\377\000R\000u\000n\000n\000i\000n\000g\000\040\000S\000t\000a\000g\000e\0002}{section.2}% 6
\BOOKMARK [2][-]{subsection.2.2}{\376\377\000O\000u\000t\000p\000u\000t\000s}{section.2}% 7
\BOOKMARK [1][-]{section.3}{\376\377\000S\000t\000a\000g\000e\000\040\0003\000:\000\040\000F\000i\000t\000\040\000m\000a\000r\000g\000i\000n\000a\000l\000\040\000P\000P\000C\000\040\000m\000o\000d\000e\000l\000s}{}% 8
\BOOKMARK [2][-]{subsection.3.1}{\376\377\000T\000h\000e\000\040\000p\000e\000n\000a\000l\000i\000s\000e\000d\000\040\000p\000i\000e\000c\000e\000w\000i\000s\000e\000\040\000c\000o\000n\000s\000t\000a\000n\000t\000\040\000m\000o\000d\000e\000l}{section.3}% 9
\BOOKMARK [2][-]{subsection.3.2}{\376\377\000U\000n\000c\000e\000r\000t\000a\000i\000n\000t\000y\000\040\000q\000u\000a\000n\000t\000i\000f\000i\000c\000a\000t\000i\000o\000n}{section.3}% 10
\BOOKMARK [2][-]{subsection.3.3}{\376\377\000R\000u\000n\000n\000i\000n\000g\000\040\000S\000t\000a\000g\000e\0003}{section.3}% 11
\BOOKMARK [2][-]{subsection.3.4}{\376\377\000O\000u\000t\000p\000u\000t\000s}{section.3}% 12
\BOOKMARK [1][-]{section.4}{\376\377\000S\000t\000a\000g\000e\000\040\0004\000:\000\040\000F\000i\000t\000\040\000c\000o\000n\000d\000i\000t\000i\000o\000n\000a\000l\000\040\000e\000x\000t\000r\000e\000m\000e\000s\000\040\000m\000o\000d\000e\000l}{}% 13
\BOOKMARK [2][-]{subsection.4.1}{\376\377\000C\000o\000n\000d\000i\000t\000i\000o\000n\000a\000l\000\040\000e\000x\000t\000r\000e\000m\000e\000s\000\040\000m\000o\000d\000e\000l}{section.4}% 14
\BOOKMARK [2][-]{subsection.4.2}{\376\377\000R\000u\000n\000n\000i\000n\000g\000\040\000S\000t\000a\000g\000e\0004}{section.4}% 15
\BOOKMARK [2][-]{subsection.4.3}{\376\377\000O\000u\000t\000p\000u\000t\000s}{section.4}% 16
\BOOKMARK [1][-]{section.5}{\376\377\000S\000t\000a\000g\000e\000\040\0005\000:\000\040\000D\000r\000a\000w\000\040\000c\000o\000n\000t\000o\000u\000r\000s}{}% 17
\BOOKMARK [2][-]{subsection.5.1}{\376\377\000R\000u\000n\000n\000i\000n\000g\000\040\000S\000t\000a\000g\000e\0005}{section.5}% 18
\BOOKMARK [1][-]{section.6}{\376\377\000E\000x\000a\000m\000p\000l\000e\000:\000\040\000M\000u\000l\000t\000i\000p\000l\000e\000\040\000A\000s\000s\000o\000c\000i\000a\000t\000e\000d\000\040\000V\000a\000r\000i\000a\000b\000l\000e\000s\000\040\000a\000n\000d\000\040\000C\000o\000v\000a\000r\000i\000a\000t\000e\000s}{}% 19
\BOOKMARK [1][-]{appendix.A}{\376\377\000A\000p\000p\000e\000n\000d\000i\000x\000\040\0001\000\040\000:\000\040\000M\000o\000d\000e\000l\000\040\000d\000e\000t\000a\000i\000l\000s}{}% 20
\BOOKMARK [2][-]{subsection.A.1}{\376\377\000M\000a\000r\000g\000i\000n\000a\000l\000\040\000m\000o\000d\000e\000l}{appendix.A}% 21
\BOOKMARK [2][-]{subsection.A.2}{\376\377\000T\000r\000a\000n\000s\000f\000o\000r\000m\000a\000t\000i\000o\000n\000\040\000t\000o\000\040\000S\000t\000a\000n\000d\000a\000r\000d\000\040\000S\000c\000a\000l\000e}{appendix.A}% 22
\BOOKMARK [2][-]{subsection.A.3}{\376\377\000C\000o\000n\000d\000i\000t\000i\000o\000n\000a\000l\000\040\000m\000o\000d\000e\000l}{appendix.A}% 23
